Build started 16/11/2015 16:45:39.
     1>Project "C:\Users\emcmen200\Desktop\GP3CWGame\GP3CWGame\GP3CWGame.vcxproj" on node 2 (Build target(s)).
     1>ClCompile:
         C:\Program Files (x86)\Microsoft Visual Studio 12.0\VC\bin\CL.exe /c /ZI /nologo /W3 /WX- /sdl /Od /Oy- /D _MBCS /Gm /EHsc /RTC1 /MDd /GS /fp:precise /Zc:wchar_t /Zc:forScope /Fo"Debug\\" /Fd"Debug\vc120.pdb" /Gd /TP /analyze- /errorReport:prompt cModelLoader.cpp
         cModelLoader.cpp
     1>c:\users\emcmen200\desktop\gp3cwgame\gp3cwgame\cmodelloader.cpp(33): warning C4244: '=' : conversion from 'GLsizei' to 'GLfloat', possible loss of data
     1>c:\users\emcmen200\desktop\gp3cwgame\gp3cwgame\cmodelloader.cpp(34): warning C4244: '=' : conversion from 'GLsizei' to 'GLfloat', possible loss of data
       Link:
         C:\Program Files (x86)\Microsoft Visual Studio 12.0\VC\bin\link.exe /ERRORREPORT:PROMPT /OUT:"C:\Users\emcmen200\Desktop\GP3CWGame\Debug\GP3CWGame.exe" /INCREMENTAL /NOLOGO kernel32.lib user32.lib gdi32.lib winspool.lib comdlg32.lib advapi32.lib shell32.lib ole32.lib oleaut32.lib uuid.lib odbc32.lib odbccp32.lib /MANIFEST /MANIFESTUAC:"level='asInvoker' uiAccess='false'" /manifest:embed /DEBUG /PDB:"C:\Users\emcmen200\Desktop\GP3CWGame\Debug\GP3CWGame.pdb" /TLBID:1 /DYNAMICBASE /NXCOMPAT /IMPLIB:"C:\Users\emcmen200\Desktop\GP3CWGame\Debug\GP3CWGame.lib" /MACHINE:X86 Debug\cCamera.obj
         Debug\cColours.obj
         Debug\cCube.obj
         Debug\cFont.obj
         Debug\cFontMgr.obj
         Debug\cInputMgr.obj
         Debug\cLight.obj
         Debug\cMaterial.obj
         Debug\cModel.obj
         Debug\cModelLoader.obj
         Debug\cPlayer.obj
         Debug\cPyramid.obj
         Debug\cShapes.obj
         Debug\cSphere.obj
         Debug\cStarfield.obj
         Debug\cTexture.obj
         Debug\cTriangle.obj
         Debug\cWNDManager.obj
         Debug\GameConstants.obj
         Debug\StudentMain.obj
         Debug\windowOGL.obj
         Libraries\alut.lib
         Libraries\DevIL.lib
         Libraries\freeglut.lib
         Libraries\ftgl.lib
         "Libraries\glm-0.3.2Lib.lib"
         Libraries\ILU.lib
         Libraries\ILUT.lib
         GP3CWGame.vcxproj -> C:\Users\emcmen200\Desktop\GP3CWGame\Debug\GP3CWGame.exe
     1>Done Building Project "C:\Users\emcmen200\Desktop\GP3CWGame\GP3CWGame\GP3CWGame.vcxproj" (Build target(s)).

Build succeeded.

Time Elapsed 00:00:02.16
