c:\users\emcmen200\desktop\gp3cwgame\gp3cwgame\debug\vc120.pdb
c:\users\emcmen200\desktop\gp3cwgame\gp3cwgame\debug\vc120.idb
c:\users\emcmen200\desktop\gp3cwgame\gp3cwgame\debug\ccolours.obj
c:\users\emcmen200\desktop\gp3cwgame\gp3cwgame\debug\ccube.obj
c:\users\emcmen200\desktop\gp3cwgame\gp3cwgame\debug\cfont.obj
c:\users\emcmen200\desktop\gp3cwgame\gp3cwgame\debug\cfontmgr.obj
c:\users\emcmen200\desktop\gp3cwgame\gp3cwgame\debug\cinputmgr.obj
c:\users\emcmen200\desktop\gp3cwgame\gp3cwgame\debug\clight.obj
c:\users\emcmen200\desktop\gp3cwgame\gp3cwgame\debug\cmaterial.obj
c:\users\emcmen200\desktop\gp3cwgame\gp3cwgame\debug\cmodel.obj
c:\users\emcmen200\desktop\gp3cwgame\gp3cwgame\debug\cmodelloader.obj
c:\users\emcmen200\desktop\gp3cwgame\gp3cwgame\debug\cplayer.obj
c:\users\emcmen200\desktop\gp3cwgame\gp3cwgame\debug\cpyramid.obj
c:\users\emcmen200\desktop\gp3cwgame\gp3cwgame\debug\cshapes.obj
c:\users\emcmen200\desktop\gp3cwgame\gp3cwgame\debug\csphere.obj
c:\users\emcmen200\desktop\gp3cwgame\gp3cwgame\debug\cstarfield.obj
c:\users\emcmen200\desktop\gp3cwgame\gp3cwgame\debug\ctexture.obj
c:\users\emcmen200\desktop\gp3cwgame\gp3cwgame\debug\ctriangle.obj
c:\users\emcmen200\desktop\gp3cwgame\gp3cwgame\debug\cwndmanager.obj
c:\users\emcmen200\desktop\gp3cwgame\gp3cwgame\debug\gameconstants.obj
c:\users\emcmen200\desktop\gp3cwgame\gp3cwgame\debug\studentmain.obj
c:\users\emcmen200\desktop\gp3cwgame\gp3cwgame\debug\windowogl.obj
c:\users\emcmen200\desktop\gp3cwgame\gp3cwgame\debug\ccamera.obj
c:\users\emcmen200\desktop\gp3cwgame\debug\gp3cwgame.ilk
c:\users\emcmen200\desktop\gp3cwgame\debug\gp3cwgame.exe
c:\users\emcmen200\desktop\gp3cwgame\debug\gp3cwgame.pdb
c:\users\emcmen200\desktop\gp3cwgame\gp3cwgame\debug\gp3cwgame.tlog\cl.command.1.tlog
c:\users\emcmen200\desktop\gp3cwgame\gp3cwgame\debug\gp3cwgame.tlog\cl.read.1.tlog
c:\users\emcmen200\desktop\gp3cwgame\gp3cwgame\debug\gp3cwgame.tlog\cl.write.1.tlog
c:\users\emcmen200\desktop\gp3cwgame\gp3cwgame\debug\gp3cwgame.tlog\link.command.1.tlog
c:\users\emcmen200\desktop\gp3cwgame\gp3cwgame\debug\gp3cwgame.tlog\link.read.1.tlog
c:\users\emcmen200\desktop\gp3cwgame\gp3cwgame\debug\gp3cwgame.tlog\link.write.1.tlog
