e:\documents\github\gpcwgame\gpcwgame\debug\vc120.pdb
e:\documents\github\gpcwgame\gpcwgame\debug\vc120.idb
e:\documents\github\gpcwgame\gpcwgame\debug\cinputmgr.obj
e:\documents\github\gpcwgame\gpcwgame\debug\claser.obj
e:\documents\github\gpcwgame\gpcwgame\debug\clight.obj
e:\documents\github\gpcwgame\gpcwgame\debug\cmaterial.obj
e:\documents\github\gpcwgame\gpcwgame\debug\cmodel.obj
e:\documents\github\gpcwgame\gpcwgame\debug\cmodelloader.obj
e:\documents\github\gpcwgame\gpcwgame\debug\cplayer.obj
e:\documents\github\gpcwgame\gpcwgame\debug\cpyramid.obj
e:\documents\github\gpcwgame\gpcwgame\debug\cshapes.obj
e:\documents\github\gpcwgame\gpcwgame\debug\csound.obj
e:\documents\github\gpcwgame\gpcwgame\debug\csoundmgr.obj
e:\documents\github\gpcwgame\gpcwgame\debug\csphere.obj
e:\documents\github\gpcwgame\gpcwgame\debug\cstarfield.obj
e:\documents\github\gpcwgame\gpcwgame\debug\ctexture.obj
e:\documents\github\gpcwgame\gpcwgame\debug\ctriangle.obj
e:\documents\github\gpcwgame\gpcwgame\debug\cwndmanager.obj
e:\documents\github\gpcwgame\gpcwgame\debug\gameconstants.obj
e:\documents\github\gpcwgame\gpcwgame\debug\studentmain.obj
e:\documents\github\gpcwgame\gpcwgame\debug\tardiswarsgame.obj
e:\documents\github\gpcwgame\gpcwgame\debug\windowogl.obj
e:\documents\github\gpcwgame\gpcwgame\debug\asteroid.obj
e:\documents\github\gpcwgame\gpcwgame\debug\asteroidspawner.obj
e:\documents\github\gpcwgame\gpcwgame\debug\ccamera.obj
e:\documents\github\gpcwgame\gpcwgame\debug\ccolours.obj
e:\documents\github\gpcwgame\gpcwgame\debug\ccube.obj
e:\documents\github\gpcwgame\gpcwgame\debug\cenemy.obj
e:\documents\github\gpcwgame\gpcwgame\debug\cfont.obj
e:\documents\github\gpcwgame\gpcwgame\debug\cfontmgr.obj
e:\documents\github\gpcwgame\debug\gpcwgame.ilk
e:\documents\github\gpcwgame\debug\gpcwgame.exe
e:\documents\github\gpcwgame\debug\gpcwgame.pdb
e:\documents\github\gpcwgame\gpcwgame\debug\gpcwgame.tlog\cl.command.1.tlog
e:\documents\github\gpcwgame\gpcwgame\debug\gpcwgame.tlog\cl.read.1.tlog
e:\documents\github\gpcwgame\gpcwgame\debug\gpcwgame.tlog\cl.write.1.tlog
e:\documents\github\gpcwgame\gpcwgame\debug\gpcwgame.tlog\link.command.1.tlog
e:\documents\github\gpcwgame\gpcwgame\debug\gpcwgame.tlog\link.read.1.tlog
e:\documents\github\gpcwgame\gpcwgame\debug\gpcwgame.tlog\link.write.1.tlog
