c:\users\emcmen200\desktop\gpcw-template\gpcw-template\debug\vc120.pdb
c:\users\emcmen200\desktop\gpcw-template\gpcw-template\debug\vc120.idb
c:\users\emcmen200\desktop\gpcw-template\gpcw-template\debug\cinputmgr.obj
c:\users\emcmen200\desktop\gpcw-template\gpcw-template\debug\claser.obj
c:\users\emcmen200\desktop\gpcw-template\gpcw-template\debug\clight.obj
c:\users\emcmen200\desktop\gpcw-template\gpcw-template\debug\cmaterial.obj
c:\users\emcmen200\desktop\gpcw-template\gpcw-template\debug\cmodel.obj
c:\users\emcmen200\desktop\gpcw-template\gpcw-template\debug\cmodelloader.obj
c:\users\emcmen200\desktop\gpcw-template\gpcw-template\debug\cpyramid.obj
c:\users\emcmen200\desktop\gpcw-template\gpcw-template\debug\cshapes.obj
c:\users\emcmen200\desktop\gpcw-template\gpcw-template\debug\csound.obj
c:\users\emcmen200\desktop\gpcw-template\gpcw-template\debug\csoundmgr.obj
c:\users\emcmen200\desktop\gpcw-template\gpcw-template\debug\csphere.obj
c:\users\emcmen200\desktop\gpcw-template\gpcw-template\debug\cstarfield.obj
c:\users\emcmen200\desktop\gpcw-template\gpcw-template\debug\ctexture.obj
c:\users\emcmen200\desktop\gpcw-template\gpcw-template\debug\ctriangle.obj
c:\users\emcmen200\desktop\gpcw-template\gpcw-template\debug\cwndmanager.obj
c:\users\emcmen200\desktop\gpcw-template\gpcw-template\debug\gameconstants.obj
c:\users\emcmen200\desktop\gpcw-template\gpcw-template\debug\studentmain.obj
c:\users\emcmen200\desktop\gpcw-template\gpcw-template\debug\tardiswarsgame.obj
c:\users\emcmen200\desktop\gpcw-template\gpcw-template\debug\windowogl.obj
c:\users\emcmen200\desktop\gpcw-template\gpcw-template\debug\ccamera.obj
c:\users\emcmen200\desktop\gpcw-template\gpcw-template\debug\ccolours.obj
c:\users\emcmen200\desktop\gpcw-template\gpcw-template\debug\ccube.obj
c:\users\emcmen200\desktop\gpcw-template\gpcw-template\debug\cenemy.obj
c:\users\emcmen200\desktop\gpcw-template\gpcw-template\debug\cfont.obj
c:\users\emcmen200\desktop\gpcw-template\gpcw-template\debug\cfontmgr.obj
c:\users\emcmen200\desktop\gpcw-template\gpcw-template\debug\gpcw-template.tlog\cl.command.1.tlog
c:\users\emcmen200\desktop\gpcw-template\gpcw-template\debug\gpcw-template.tlog\cl.read.1.tlog
c:\users\emcmen200\desktop\gpcw-template\gpcw-template\debug\gpcw-template.tlog\cl.write.1.tlog
