Build started 02/11/2015 11:04:01.
     1>Project "C:\Users\emcmen200\Desktop\Lab 6\Lab 6\Lab 6.vcxproj" on node 2 (Build target(s)).
     1>ClCompile:
         C:\Program Files (x86)\Microsoft Visual Studio 12.0\VC\bin\CL.exe /c /ZI /nologo /W3 /WX- /sdl /Od /Oy- /D _MBCS /Gm /EHsc /RTC1 /MDd /GS /fp:precise /Zc:wchar_t /Zc:forScope /Fo"Debug\\" /Fd"Debug\vc120.pdb" /Gd /TP /analyze- /errorReport:prompt Studentmain.cpp
         Studentmain.cpp
     1>c:\users\emcmen200\desktop\lab 6\lab 6\studentmain.cpp(100): warning C4305: 'initializing' : truncation from 'double' to 'GLfloat'
       Link:
         C:\Program Files (x86)\Microsoft Visual Studio 12.0\VC\bin\link.exe /ERRORREPORT:PROMPT /OUT:"C:\Users\emcmen200\Desktop\Lab 6\Debug\Lab 6.exe" /INCREMENTAL /NOLOGO kernel32.lib user32.lib gdi32.lib winspool.lib comdlg32.lib advapi32.lib shell32.lib ole32.lib oleaut32.lib uuid.lib odbc32.lib odbccp32.lib /MANIFEST /MANIFESTUAC:"level='asInvoker' uiAccess='false'" /manifest:embed /DEBUG /PDB:"C:\Users\emcmen200\Desktop\Lab 6\Debug\Lab 6.pdb" /TLBID:1 /DYNAMICBASE /NXCOMPAT /IMPLIB:"C:\Users\emcmen200\Desktop\Lab 6\Debug\Lab 6.lib" /MACHINE:X86 Debug\cColours.obj
         Debug\cCube.obj
         Debug\cFont.obj
         Debug\cFontMgr.obj
         Debug\cLight.obj
         Debug\cMaterial.obj
         Debug\cPyramid.obj
         Debug\cShapes.obj
         Debug\cSphere.obj
         Debug\cStarfield.obj
         Debug\cTexture.obj
         Debug\cTriangle.obj
         Debug\cWNDManager.obj
         Debug\GameConstants.obj
         Debug\Studentmain.obj
         Debug\windowOGL.obj
         Libraries\DevIL.lib
         Libraries\freeglut.lib
         Libraries\ftgl.lib
         Libraries\ILU.lib
         Libraries\ILUT.lib
         Lab 6.vcxproj -> C:\Users\emcmen200\Desktop\Lab 6\Debug\Lab 6.exe
     1>Done Building Project "C:\Users\emcmen200\Desktop\Lab 6\Lab 6\Lab 6.vcxproj" (Build target(s)).

Build succeeded.

Time Elapsed 00:00:01.82
